<?xml version="1.0" encoding="UTF-8"?>
<testsuite name="Cucumber" time="81.657" tests="3" skipped="0" failures="1" errors="0">
<testcase classname="Login Functionality" name="User login and verify dashboard" time="28.682">
<system-out><![CDATA[
Given I navigate to the ACME login page.....................................passed
When I enter email "test-demo@acme.com" and password "Test@1234"............passed
And I click the login button................................................passed
Then I should be redirected to the dashboard................................passed
And I take a screenshot.....................................................passed
]]></system-out>
</testcase>
<testcase classname="Login Functionality" name="User logout functionality" time="34.727">
<system-out><![CDATA[
Given I navigate to the ACME login page.....................................passed
When I enter email "test-demo@acme.com" and password "Test@1234"............passed
And I click the login button................................................passed
Then I should be redirected to the dashboard................................passed
And I logout from the application...........................................passed
And I take a screenshot.....................................................passed
]]></system-out>
</testcase>
<testcase classname="Login Functionality" name="NEGATIVE TEST - User login with incorrect password (Intentional Failure)" time="18.063">
<failure type="java.lang.AssertionError" message="NEGATIVE TEST CASE: This test is intentionally failed to demonstrate error handling for incorrect login credentials">
<![CDATA[java.lang.AssertionError: NEGATIVE TEST CASE: This test is intentionally failed to demonstrate error handling for incorrect login credentials
	at org.junit.Assert.fail(Assert.java:89)
	at com.acme.stepdefinitions.LoginSteps.iShouldSeeAnErrorMessage(LoginSteps.java:100)
	at âœ½.I should see an error message(file:///C:/Users/KANNAN/IdeaProjects/DemoProject-Amazon%20Q/src/test/resources/features/login.feature:25)
]]>
</failure>
<system-out><![CDATA[
Given I navigate to the ACME login page.....................................passed
When I enter email "test-demo@acme.com" and password "WrongPassword123".....passed
And I click the login button................................................passed
Then I should see an error message..........................................failed
And I take a screenshot.....................................................skipped
]]></system-out>
</testcase>
</testsuite>
