{"uuid":"360d36b1-e098-423f-a537-8edff1ae21ae","historyId":"ec28b920e870fa8cd51615035d6b3dea","fullName":"src/test/resources/features/login.feature:22","labels":[{"name":"host","value":"LAPTOP-9VUI1E09"},{"name":"thread","value":"18496@LAPTOP-9VUI1E09.main(3)"},{"name":"feature","value":"Login Functionality"},{"name":"story","value":"NEGATIVE TEST - User login with incorrect password (Intentional Failure)"},{"name":"suite","value":"Login Functionality"},{"name":"testClass","value":"NEGATIVE TEST - User login with incorrect password (Intentional Failure)"},{"name":"framework","value":"cucumber4jvm"},{"name":"language","value":"java"},{"name":"gherkin_uri","value":"file:///C:/Users/KANNAN/IdeaProjects/DemoProject-Amazon%20Q/src/test/resources/features/login.feature"},{"name":"package","value":"src.test.resources.features.login_feature.Login Functionality"}],"links":[],"name":"NEGATIVE TEST - User login with incorrect password (Intentional Failure)","status":"failed","statusDetails":{"known":false,"muted":false,"flaky":false,"message":"NEGATIVE TEST CASE: This test is intentionally failed to demonstrate error handling for incorrect login credentials","trace":"java.lang.AssertionError: NEGATIVE TEST CASE: This test is intentionally failed to demonstrate error handling for incorrect login credentials\r\n\tat org.junit.Assert.fail(Assert.java:89)\r\n\tat com.acme.stepdefinitions.LoginSteps.iShouldSeeAnErrorMessage(LoginSteps.java:104)\r\n\tat ✽.I should see an error message(file:///C:/Users/KANNAN/IdeaProjects/DemoProject-Amazon%20Q/src/test/resources/features/login.feature:25)\r\n"},"stage":"finished","description":"  As a user of the ACME application\n  I want to be able to login with valid credentials\n  So that I can access the dashboard","steps":[{"name":"Given  I navigate to the ACME login page","status":"passed","statusDetails":{"known":false,"muted":false,"flaky":false},"stage":"finished","steps":[],"attachments":[],"parameters":[],"start":1766934625737,"stop":1766934634241},{"name":"When  I enter email \"test-demo@acme.com\" and password \"WrongPassword123\"","status":"passed","statusDetails":{"known":false,"muted":false,"flaky":false},"stage":"finished","steps":[],"attachments":[],"parameters":[],"start":1766934634241,"stop":1766934634433},{"name":"And  I click the login button","status":"passed","statusDetails":{"known":false,"muted":false,"flaky":false},"stage":"finished","steps":[],"attachments":[],"parameters":[],"start":1766934634433,"stop":1766934640396},{"name":"Then  I should see an error message","status":"failed","statusDetails":{"known":false,"muted":false,"flaky":false,"message":"NEGATIVE TEST CASE: This test is intentionally failed to demonstrate error handling for incorrect login credentials","trace":"java.lang.AssertionError: NEGATIVE TEST CASE: This test is intentionally failed to demonstrate error handling for incorrect login credentials\r\n\tat org.junit.Assert.fail(Assert.java:89)\r\n\tat com.acme.stepdefinitions.LoginSteps.iShouldSeeAnErrorMessage(LoginSteps.java:104)\r\n\tat ✽.I should see an error message(file:///C:/Users/KANNAN/IdeaProjects/DemoProject-Amazon%20Q/src/test/resources/features/login.feature:25)\r\n"},"stage":"finished","steps":[],"attachments":[],"parameters":[],"start":1766934640397,"stop":1766934642404},{"name":"And  I take a screenshot","status":"skipped","statusDetails":{"known":false,"muted":false,"flaky":false},"stage":"finished","steps":[],"attachments":[],"parameters":[],"start":1766934642404,"stop":1766934642405}],"attachments":[],"parameters":[],"start":1766934625008,"stop":1766934645944}